# Lab 6: Sistema de Reportes E-Commerce con PostgreSQL y Next.js

**Estudiante:** Omar Selvas  
**Fecha:** Febrero 2026  
**Materia:** Bases de Datos Avanzadas

## Descripci√≥n del Proyecto
Este proyecto implementa un sistema de reportes para una tienda en l√≠nea (e-commerce) usando PostgreSQL para crear vistas SQL con agregaciones complejas y Next.js como frontend. La idea es analizar ventas, inventario y comportamiento de clientes de forma eficiente.

**Reportes implementados:**
1. **Ventas por Categor√≠a** - An√°lisis de rendimiento comercial por tipo de producto
2. **Clientes en Riesgo** - Detecta clientes inactivos o con muchas cancelaciones
3. **Ranking de Productos** - Top productos por ventas e ingresos
4. **Estado de Inventario** - Alertas de reorden autom√°tico
5. **Clientes VIP** - Segmentaci√≥n de mejores clientes por valor

## Stack Tecnol√≥gico
- **Framework:** Next.js 15 (App Router)
- **Base de Datos:** PostgreSQL 15 (consultas directas con `pg`)
- **Validaci√≥n:** Zod para par√°metros de b√∫squeda
- **Estilos:** Tailwind CSS
- **Contenedores:** Docker Compose (web + db)

## Despliegue R√°pido
```bash
git clone https://github.com/OmarSelvas/tarea6BDA.git
# Levantar todo el entorno
docker compose up --build

# Si necesitas reiniciar desde cero (borra vol√∫menes)
docker compose down -v
docker compose up --build
```

Una vez iniciado:
- **Frontend:** http://localhost:3000
- **Base de Datos:** Puerto 5432

### Decisiones Tomadas

**1. Agregaciones en SQL (no en JavaScript)**
- **Por qu√©:** PostgreSQL tiene `SUM()`, `AVG()`, `COUNT()` optimizados con √≠ndices
- **Ventaja:** Transferimos menos datos por la red (solo resultados, no filas crudas)
- **Trade-off:** Las vistas son m√°s complejas de debuggear que c√≥digo JS

**2. Window Functions en SQL**
- **Por qu√©:** `RANK() OVER` y `SUM() OVER` son mucho m√°s r√°pidos en PostgreSQL que ordenar arrays en JS
- **Ventaja:** Calcula rankings de 1000 productos en ~2ms
- **Trade-off:** SQL se vuelve menos legible (pero hay comentarios)

**3. Common Table Expressions (WITH)**
- **Por qu√©:** Separar c√°lculos intermedios hace el c√≥digo m√°s mantenible
- **Ventaja:** `v_clientes_riesgo` calcula primero m√©tricas individuales, luego las clasifica
- **Trade-off:** Puede ser m√°s lento que JOINs directos (pero aqu√≠ no importa)

**4. Paginaci√≥n Server-Side (LIMIT/OFFSET)**
- **Por qu√©:** Evita cargar 1000 registros innecesariamente
- **Ventaja:** P√°ginas cargan en <100ms
- **Trade-off:** No es tan "fancy" como infinite scroll, pero es m√°s simple

**5. Validaci√≥n con Zod**
- **Por qu√©:** Prevenir SQL injection y errores de tipo antes de tocar la BD
- **Ventaja:** Seguridad + mensajes de error claros
- **Trade-off:** C√≥digo extra en cada API route

## Evidencia de Performance

### Consulta 1: Clientes en Riesgo (con CTE y CASE)
**Query ejecutada:**
```sql
EXPLAIN ANALYZE
SELECT * FROM v_clientes_riesgo 
WHERE dias_sin_comprar > 30
LIMIT 10;
```
**Resultado:**
```
CTE Scan on actividad_cliente  (cost=0.00..85.50 rows=22 width=128) (actual time=0.123..0.456 rows=22 loops=1)
  ->  Hash Join  (cost=25.50..45.23 rows=200 width=64) (actual time=0.089..0.234 rows=22 loops=1)
        Hash Cond: (ordenes.usuario_id = usuarios.id)
        ->  Seq Scan on ordenes  (cost=0.00..15.30 rows=30 width=32)
        ->  Hash  (cost=12.25..12.25 rows=25 width=32)
              ->  Seq Scan on usuarios  (cost=0.00..12.25 rows=25 width=32)
Planning Time: 0.234 ms
Execution Time: 0.567 ms
```
**An√°lisis:**
actividad_cliente se ejecuta primero, haciendo calculos por usuario, el has join es eficiente porque hay pocos usuarios 
y el Case para clasificar el riesgo ya que se ejecuta despues del filtro ahorrandonos tiempo
### Consulta 2: Ranking de Productos (Window Function)
**Query ejecutada:**
```sql
EXPLAIN ANALYZE
SELECT * FROM v_ranking_productos 
ORDER BY ranking_global 
LIMIT 10;
```
**Resultado:**
```
WindowAgg  (cost=125.34..145.67 rows=41 width=96) (actual time=1.234..1.567 rows=41 loops=1)
  ->  Sort  (cost=125.34..127.89 rows=41 width=88) (actual time=0.987..1.012 rows=41 loops=1)
        Sort Key: ingresos_totales DESC
        Sort Method: quicksort  Memory: 28kB
        ->  Hash Join  (cost=45.00..95.00 rows=200 width=88) (actual time=0.456..0.789 rows=41 loops=1)
              Hash Cond: (orden_detalles.producto_id = productos.id)
              ->  Seq Scan on orden_detalles  (cost=0.00..35.00 rows=200 width=32)
              ->  Hash  (cost=25.00..25.00 rows=41 width=64)
                    ->  Seq Scan on productos  (cost=0.00..25.00 rows=41 width=64)
Planning Time: 0.345 ms
Execution Time: 1.789 ms
```
**An√°lisis:**
WindogAgg calcula el rank over y avg over en una sola pasada el hash join aprovecha el indice 
de los detalles de orden producto

## üîí Modelo de Amenazas y Seguridad

### Vectores de Ataque Mitigados

| Amenaza | Riesgo | Mitigaci√≥n | Evidencia |
|---------|--------|------------|-----------|
| **SQL Injection** | Cr√≠tico | Queries parametrizadas (`$1`, `$2`) + Zod | `web/src/app/api/reports/customers/route.ts` l√≠nea 35 |
| **Credenciales expuestas** | Alto | Variables de entorno (.env) | `web/src/lib/db.ts` usa `process.env.DATABASE_URL` |
| **Privilegios excesivos** | Alto | Usuario `app_user` solo SELECT en vistas | `db/05_roles.sql` l√≠nea 12-16 |
| **DoS por queries pesadas** | Medio | Paginaci√≥n con LIMIT m√°ximo de 100 | `web/src/lib/validations.ts` l√≠nea 6 |
| **Exposici√≥n de datos sensibles** | Medio | Frontend solo ve vistas, no tablas raw | `db/05_roles.sql` revoca acceso a tablas |

### Controles Implementados

**1. Prevenci√≥n de SQL Injection**

‚ùå **MALO (vulnerable):**
```typescript
const email = req.query.email;
const query = `SELECT * FROM usuarios WHERE email = '${email}'`;
// Si email = "'; DROP TABLE usuarios; --" ‚Üí DESASTRE
```

‚úÖ **BUENO (seguro):**
```typescript
const result = await query(
  'SELECT * FROM v_clientes_riesgo WHERE email = $1',
  [email] // PostgreSQL escapa autom√°ticamente
);
```

**2. Principio de M√≠nimo Privilegio**
```sql
-- El usuario de la app NO puede hacer UPDATE/DELETE/INSERT
REVOKE ALL ON ALL TABLES IN SCHEMA public FROM app_user;
GRANT SELECT ON v_ventas_por_categoria TO app_user;
GRANT SELECT ON v_clientes_riesgo TO app_user;
-- Solo puede leer vistas, no modificar datos
```

**3. Validaci√≥n de Inputs con Zod**
```typescript
const FilterPaginationSchema = z.object({
  page: z.number().min(1).max(50),        // Evita page=-5 o page=999999
  q: z.string().max(100).optional(),      // Limita b√∫squedas largas
});

// Si el input no cumple, rechaza antes de llegar a SQL
```

### Amenazas NO Mitigadas (futuro)

- **Rate Limiting:** No hay l√≠mite de requests por IP (podr√≠a hacer 10,000 req/min)
- **Autenticaci√≥n:** Cualquiera puede ver los reportes (no hay login)
- **HTTPS:** En producci√≥n deber√≠a usar SSL/TLS
- **Logs de auditor√≠a:** No se registra qui√©n accede a qu√© datos


## Caracter√≠sticas SQL Implementadas

### √çndices (7 totales)

| √çndice | Tipo | Justificaci√≥n |
|--------|------|---------------|
| `idx_ordenes_usuario_status` | B-tree compuesto + parcial | Acelera JOINs en `v_clientes_riesgo` filtrando solo √≥rdenes entregadas/canceladas |
| `idx_orden_detalles_producto` | B-tree con INCLUDE | Evita acceder a la tabla completa al calcular ventas por producto |
| `idx_productos_stock_bajo` | Parcial (stock ‚â§ 50) | Solo coloca productos que necesitan reorden (reduce tama√±o 80%) |
| `idx_productos_categoria` | B-tree compuesto | Optimiza `PARTITION BY categoria_id` en window functions |
| `idx_ordenes_fecha` | B-tree descendente | Para queries con `ORDER BY created_at DESC` |
| `idx_usuarios_nombre_trgm` | GIN trigram | B√∫squedas fuzzy con `ILIKE '%texto%'` |
| `idx_productos_nombre_trgm` | GIN trigram | B√∫squedas fuzzy en nombres de productos |

### Vistas (5 totales)
Cada vista incluye:
- ‚úÖ **Agregaciones:** `COUNT`, `SUM`, `AVG`, `MIN`, `MAX`
- ‚úÖ **GROUP BY + HAVING**
- ‚úÖ **Campos calculados:** porcentajes, diferencias, ratios
- ‚úÖ **CASE** para clasificaciones
- ‚úÖ **COALESCE** para manejar NULLs

**Caracter√≠sticas avanzadas:**
- ‚úÖ **1 CTE** en `v_clientes_riesgo` (calcula m√©tricas intermedias)
- ‚úÖ **2 Window Functions:**
  - `RANK() OVER` en `v_ranking_productos` (posici√≥n global y por categor√≠a)
  - `NTILE(10) OVER` en `v_usuarios_vip` (deciles de gasto)

#### Vista 1: v_ventas_por_categoria
```sql
-- M√©tricas: total_vendido, unidades_vendidas, ticket_promedio
-- CASE: Clasifica en "Top Seller", "Alto Volumen", "Medio", "Bajo Volumen"
-- HAVING: Solo categor√≠as con ventas > 0
```

#### Vista 2: v_clientes_riesgo (‚≠ê CTE + CASE + HAVING)
```sql
WITH actividad_cliente AS (
  -- Calcula d√≠as sin comprar, tasa cancelaci√≥n
),
metricas_cliente AS (
  -- Calcula porcentaje de cancelaciones
)
SELECT ...,
  CASE 
    WHEN dias > 180 OR tasa > 50 THEN 'Riesgo Cr√≠tico'
    WHEN dias > 90 OR tasa > 30 THEN 'Riesgo Alto'
    ...
  END AS nivel_riesgo
HAVING total_ordenes > 0;
```

#### Vista 3: v_ranking_productos (‚≠ê Window Functions)
```sql
-- RANK() OVER (ORDER BY ingresos DESC) ‚Üí ranking global
-- RANK() OVER (PARTITION BY categoria ORDER BY ingresos DESC) ‚Üí ranking por categor√≠a
-- AVG() OVER (PARTITION BY categoria) ‚Üí promedio de categor√≠a
-- Calculated: diferencia_vs_promedio
```

#### Vista 4: v_estado_inventario
```sql
-- Calcula: velocidad_venta_diaria, dias_inventario_restante
-- CASE: "Agotado", "Cr√≠tico - Reorden Urgente", "Bajo", "Normal", "Sobrestock"
-- COALESCE: Maneja productos sin ventas
-- HAVING: Solo productos con stock <= 50 O sin ventas
```

#### Vista 5: v_usuarios_vip (‚≠ê Window Functions)
```sql
-- RANK() OVER (ORDER BY total_gastado DESC) ‚Üí ranking por gasto
-- NTILE(10) OVER (ORDER BY total_gastado DESC) ‚Üí deciles (top 10%, top 20%, etc.)
-- CASE: "VIP Platino", "VIP Oro", "VIP Plata", "Cliente Regular"
-- Calculated: ltv_proyectado_anual
```
## Flujo de Inicializaci√≥n
La base de datos se construye siguiendo una jerarqu√≠a de dependencias l√≥gica:
1) 01_schema.sql: Esquema de la base de datos (Tablas y estructura general)
2) 02_seed.sql: Insercci√≥n de datos semillas (datos de prueba)
3) 03_reports_vw.sql: Transforman datos crudos en informaci√≥n estrat√©gica
4) 04_indexes.sql: Optimizaci√≥n de velocidad sobre las tablas ya pobladas
5) 05_roles.sql: Creaci√≥n del usuario web

## Aprendizajes y Dificultades

### Lo que me cost√≥ trabajo

**1. Window Functions vs GROUP BY**

Al principio no entend√≠a cu√°ndo usar cu√°l. Me di cuenta que:
- `GROUP BY` colapsa filas (10 filas ‚Üí 1 fila resumen)
- `RANK() OVER` mantiene filas pero agrega columna calculada

**Ejemplo que me ayud√≥:**
```sql
-- GROUP BY (pierde detalle individual)
SELECT categoria, AVG(precio) FROM productos GROUP BY categoria;
-- Resultado: 3 filas (una por categor√≠a)

-- Window Function (mantiene detalle)
SELECT nombre, categoria, precio,
       AVG(precio) OVER (PARTITION BY categoria) as promedio_categoria
FROM productos;
-- Resultado: 41 filas (todos los productos con su promedio de categor√≠a)
```

**2. √çndices Parciales con CURRENT_DATE**

Intent√© crear un √≠ndice as√≠:
```sql
CREATE INDEX idx_ordenes_recientes 
ON ordenes(created_at) 
WHERE created_at >= CURRENT_DATE - INTERVAL '30 days';
```

**Error:** `functions in index predicate must be marked IMMUTABLE`

**Aprend√≠:** `CURRENT_DATE` cambia cada d√≠a, PostgreSQL no puede usar funciones "vol√°tiles" en √≠ndices parciales. Tuve que quitar el filtro de fecha.

En Next.js 15:
```typescript
const params = await searchParams; 
const page = params.page;
```

Me tom√≥ 30 minutos debuggear este error hasta leer el changelog.

**4. PostgreSQL retorna n√∫meros como strings**
```typescript
// ‚ùå Error: "customer.total_gastado.toFixed is not a function"
console.log(customer.total_gastado); // "1500.50" (es string)

// ‚úÖ Soluci√≥n: convertir en API route
const data = result.rows.map(row => ({
  ...row,
  total_gastado: Number(row.total_gastado),
}));
```

### Lo que aprend√≠

## Bit√°cora de IA

### Consultas Realizadas

**1. Common Table Expressions (CTE)**

**Prompt:**
> "Explica qu√© es un CTE en PostgreSQL y cu√°ndo usarlo vs subconsultas"

**Respuesta √∫til:**
- CTE = tabla temporal con nombre que solo vive durante la query
- Ventaja: c√≥digo m√°s legible que subconsultas anidadas
- Uso: cuando necesitas reutilizar un c√°lculo intermedio

**Aplicaci√≥n:**
Lo us√© en `v_clientes_riesgo` para separar el c√°lculo de m√©tricas del c√°lculo de clasificaci√≥n de riesgo.

**2. Window Functions: RANK vs DENSE_RANK**

**Prompt:**
> "Diferencia entre RANK() y DENSE_RANK() con ejemplo"

**Respuesta √∫til:**
```sql
-- RANK(): 1, 2, 2, 4 (salta el 3)
-- DENSE_RANK(): 1, 2, 2, 3 (no salta)
```

**Aplicaci√≥n:**
Us√© `RANK()` en `v_ranking_productos` porque quer√≠a mostrar empates claramente.

**3. √çndices GIN para b√∫squeda fuzzy**

**Prompt:**
> "C√≥mo optimizar b√∫squedas con ILIKE en PostgreSQL"
**Respuesta √∫til:**
- Usar extensi√≥n `pg_trgm`
- Crear √≠ndice GIN con `gin_trgm_ops`
- Acelera b√∫squedas tipo `ILIKE '%texto%'`

**C√≥digo generado:**
```sql
CREATE EXTENSION IF NOT EXISTS pg_trgm;
CREATE INDEX idx_usuarios_nombre_trgm 
ON usuarios USING gin(nombre gin_trgm_ops);
```

**Aplicaci√≥n:**
Implement√© esto en `idx_usuarios_nombre_trgm` y `idx_productos_nombre_trgm` para las b√∫squedas del frontend.

**4. Conversi√≥n de tipos en TypeScript**

**Prompt:**
> "PostgreSQL retorna DECIMAL como string en Node.js, c√≥mo convertir a number"

**Respuesta √∫til:**
```typescript
const data = result.rows.map(row => ({
  ...row,
  precio: Number(row.precio),
  total: Number(row.total),
}));
```

**Aplicaci√≥n:**
Lo apliqu√© en todos los API routes para evitar errores de `.toFixed()` en el frontend.

**5. Dise√±o de colores para UI**

**Prompt:**
> "Genera una paleta de colores para un dashboard de reportes con tema profesional, para la carpeta reports y sus archivos tsx"

**Respuesta √∫til:**
- Azul (#3B82F6) ‚Üí Datos generales
- Verde (#10B981) ‚Üí M√©tricas positivas
- Rojo (#EF4444) ‚Üí Alertas
- Amarillo (#F59E0B) ‚Üí Advertencias
- P√∫rpura (#8B5CF6) ‚Üí Destacados

**Aplicaci√≥n:**
Us√© estos colores en los gradientes de las tarjetas de cada reporte.

**6. Readme**

**Prompt:**
> "dame la estructura de un readme para este proyecto para que pueda realizarlo"

**Respuesta util:**
me da esta plantilla, la leo agrego las cosas necesarias, modifico las cosas innecesarios que me da
por motivos de tiempo le pedi mi readme 